BFGSLineSearch:   0[  0]  08:39:50    -2056.297020       5.0617
BFGSLineSearch:   1[  2]  10:44:06    -2056.812397       3.2504
BFGSLineSearch:   2[  4]  13:25:58    -2057.082749       3.5693
BFGSLineSearch:   3[  6]  15:52:35    -2057.228397       0.5396
BFGSLineSearch:   4[  9]  18:09:08    -2057.232197       0.2549
BFGSLineSearch:   5[ 11]  19:48:40    -2057.240102       0.2658
BFGSLineSearch:   6[ 14]  22:35:39    -2057.249322       0.6246
BFGSLineSearch:   7[ 15]  23:26:49    -2057.263909       0.9165
BFGSLineSearch:   8[ 16]  00:07:50    -2057.277520       0.3220
BFGSLineSearch:   9[ 17]  01:05:47    -2057.289369       0.4590
BFGSLineSearch:  10[ 19]  02:49:23    -2057.298289       0.5567
BFGSLineSearch:  11[ 22]  04:54:35    -2057.306136       0.2192
BFGSLineSearch:  12[ 26]  08:11:46    -2057.310271       0.1865
BFGSLineSearch:  13[ 29]  11:01:07    -2057.311551       0.2626
BFGSLineSearch:  14[ 31]  12:33:19    -2057.314817       0.6725
BFGSLineSearch:  15[ 33]  14:03:50    -2057.344467       0.9672
BFGSLineSearch:  16[ 36]  16:43:33    -2057.371902       0.3087
BFGSLineSearch:  17[ 37]  17:38:49    -2057.379468       0.3443
BFGSLineSearch:  18[ 45]  22:57:53    -2057.382201       0.4296
BFGSLineSearch:  19[ 46]  23:36:15    -2057.385760       0.1674
BFGSLineSearch:  20[ 52]  03:37:27    -2057.383859       0.0924
BFGSLineSearch:  21[ 54]  05:09:49    -2057.385120       0.1064
BFGSLineSearch:  22[ 60]  08:35:02    -2057.383258       0.0851
BFGSLineSearch:  23[ 62]  10:46:02    -2057.384044       0.0662
BFGSLineSearch:  24[ 67]  13:24:29    -2057.384914       0.0594
BFGSLineSearch:  25[ 70]  15:16:39    -2057.385283       0.1183
BFGSLineSearch:  26[ 72]  16:25:04    -2057.391245       0.2525
BFGSLineSearch:  27[ 76]  19:06:55    -2057.384729       0.1532
BFGSLineSearch:  28[ 77]  19:34:00    -2057.387063       0.1209
BFGSLineSearch:  29[ 81]  22:40:21    -2057.386921       0.0914
BFGSLineSearch:  30[ 89]  01:26:51    -2057.385364       0.0951
BFGSLineSearch:  31[ 95]  04:25:14    -2057.384107       0.0834
BFGSLineSearch:  32[ 96]  04:55:06    -2057.392971       0.1234
BFGSLineSearch:  33[100]  07:17:38    -2057.384932       0.1008
BFGSLineSearch:  34[102]  08:18:00    -2057.387106       0.1153
BFGSLineSearch:  35[106]  10:09:11    -2057.385481       0.0992
BFGSLineSearch:  36[111]  12:35:13    -2057.384357       0.0919
BFGSLineSearch:  37[116]  15:44:08    -2057.387064       0.0721
