BFGSLineSearch:   0[  0]  11:11:55    -2054.067514       6.0722
BFGSLineSearch:   1[  3]  15:16:39    -2056.878388       3.9417
BFGSLineSearch:   2[  5]  17:38:18    -2056.978834       1.7133
BFGSLineSearch:   3[  7]  20:36:43    -2057.026516       0.5832
BFGSLineSearch:   4[  9]  22:26:50    -2057.036262       0.0859
BFGSLineSearch:   5[ 12]  00:28:20    -2057.045933       0.9826
BFGSLineSearch:   6[ 15]  03:27:48    -2057.066571       1.3153
BFGSLineSearch:   7[ 16]  04:03:16    -2057.101599       0.8397
BFGSLineSearch:   8[ 18]  05:49:07    -2057.115184       1.2219
BFGSLineSearch:   9[ 19]  06:36:20    -2057.150960       1.1041
BFGSLineSearch:  10[ 20]  07:55:30    -2057.214311       1.5199
BFGSLineSearch:  11[ 21]  08:37:37    -2057.271516       1.9160
BFGSLineSearch:  12[ 23]  10:33:50    -2057.334426       1.0279
BFGSLineSearch:  13[ 25]  12:05:50    -2057.354703       0.1642
BFGSLineSearch:  14[ 30]  15:44:03    -2057.353290       0.1374
BFGSLineSearch:  15[ 35]  18:44:55    -2057.349144       0.1251
BFGSLineSearch:  16[ 37]  19:40:14    -2057.352114       0.3010
BFGSLineSearch:  17[ 38]  20:19:48    -2057.355563       0.4688
BFGSLineSearch:  18[ 41]  22:23:56    -2057.360543       0.4658
BFGSLineSearch:  19[ 46]  00:50:10    -2057.357025       0.4707
BFGSLineSearch:  20[ 48]  03:10:41    -2057.363049       0.1521
BFGSLineSearch:  21[ 52]  04:54:58    -2057.360341       0.1659
BFGSLineSearch:  22[ 54]  06:27:57    -2057.364851       0.2289
BFGSLineSearch:  23[ 59]  09:00:22    -2057.363489       0.2171
BFGSLineSearch:  24[ 65]  12:23:07    -2057.359484       0.1942
BFGSLineSearch:  25[ 66]  13:02:51    -2057.361024       0.1257
BFGSLineSearch:  26[ 69]  14:18:57    -2057.366909       0.2254
BFGSLineSearch:  27[ 73]  15:55:01    -2057.363107       0.2378
