BFGSLineSearch:   0[  0]  04:13:42    -2056.731303       4.5481
BFGSLineSearch:   1[  2]  07:19:48    -2056.928475       1.7905
BFGSLineSearch:   2[  4]  09:15:29    -2057.019918       1.6174
BFGSLineSearch:   3[  6]  12:15:53    -2057.054940       0.2379
BFGSLineSearch:   4[ 10]  14:24:54    -2057.068608       0.3003
BFGSLineSearch:   5[ 15]  16:55:10    -2057.063792       0.3422
BFGSLineSearch:   6[ 17]  18:08:47    -2057.072247       0.9479
BFGSLineSearch:   7[ 23]  22:28:19    -2057.073301       0.9978
BFGSLineSearch:   8[ 24]  23:09:56    -2057.084380       0.4209
BFGSLineSearch:   9[ 25]  00:04:18    -2057.088219       0.1359
BFGSLineSearch:  10[ 27]  02:30:13    -2057.111705       1.3061
BFGSLineSearch:  11[ 29]  04:28:22    -2057.133111       1.9420
BFGSLineSearch:  12[ 30]  05:39:59    -2057.177431       1.7524
BFGSLineSearch:  13[ 31]  06:28:57    -2057.215292       1.8694
BFGSLineSearch:  14[ 33]  08:23:34    -2057.230283       1.3898
BFGSLineSearch:  15[ 34]  09:17:44    -2057.269815       0.4569
BFGSLineSearch:  16[ 35]  10:17:19    -2057.288487       0.3461
BFGSLineSearch:  17[ 38]  12:55:46    -2057.295920       0.1313
BFGSLineSearch:  18[ 41]  15:14:47    -2057.300031       0.2814
BFGSLineSearch:  19[ 43]  16:34:48    -2057.313946       0.3870
BFGSLineSearch:  20[ 44]  17:41:27    -2057.339645       0.6287
BFGSLineSearch:  21[ 46]  19:25:24    -2057.346787       0.9617
BFGSLineSearch:  22[ 50]  00:42:56    -2057.350665       1.1223
BFGSLineSearch:  23[ 51]  02:57:24    -2057.381728       1.0055
BFGSLineSearch:  24[ 53]  05:40:11    -2057.414448       0.4591
BFGSLineSearch:  25[ 55]  08:02:07    -2057.425147       0.4952
BFGSLineSearch:  26[ 57]  09:46:30    -2057.429994       0.6091
BFGSLineSearch:  27[ 58]  10:37:34    -2057.435551       0.5110
BFGSLineSearch:  28[ 60]  11:53:33    -2057.443850       0.1212
BFGSLineSearch:  29[ 65]  15:25:47    -2057.440435       0.1231
BFGSLineSearch:  30[ 69]  19:31:26    -2057.462202       0.6270
BFGSLineSearch:  31[ 73]  23:14:15    -2057.465876       0.7594
BFGSLineSearch:  32[ 75]  01:07:48    -2057.475462       0.1717
BFGSLineSearch:  33[ 76]  02:08:27    -2057.478666       0.1923
BFGSLineSearch:  34[ 82]  05:30:05    -2057.479218       0.1758
BFGSLineSearch:  35[ 83]  06:10:52    -2057.481896       0.1292
BFGSLineSearch:  36[ 91]  09:48:15    -2057.480595       0.1416
BFGSLineSearch:  37[ 94]  11:57:52    -2057.482956       0.1236
BFGSLineSearch:  38[ 95]  12:27:40    -2057.485797       0.1739
BFGSLineSearch:  39[101]  15:17:34    -2057.485487       0.1157
