BFGSLineSearch:   0[  0]  20:51:34    -2056.414410       5.0160
BFGSLineSearch:   1[  2]  22:56:34    -2056.968929       1.9023
BFGSLineSearch:   2[  4]  01:10:01    -2057.021459       1.3147
BFGSLineSearch:   3[  6]  02:43:28    -2057.063032       0.3227
BFGSLineSearch:   4[  7]  03:12:50    -2057.066507       0.3817
BFGSLineSearch:   5[ 11]  06:28:37    -2057.070559       0.4708
BFGSLineSearch:   6[ 14]  08:53:17    -2057.082406       0.3363
BFGSLineSearch:   7[ 16]  10:50:35    -2057.090687       0.5640
BFGSLineSearch:   8[ 17]  11:43:42    -2057.097029       0.7778
BFGSLineSearch:   9[ 18]  12:30:32    -2057.106902       0.2106
BFGSLineSearch:  10[ 26]  17:57:16    -2057.128029       0.6348
BFGSLineSearch:  11[ 28]  19:58:14    -2057.138608       0.8936
BFGSLineSearch:  12[ 31]  22:52:10    -2057.184624       1.5269
BFGSLineSearch:  13[ 33]  00:33:29    -2057.207700       1.0885
BFGSLineSearch:  14[ 35]  01:57:31    -2057.230143       0.4966
BFGSLineSearch:  15[ 38]  04:13:42    -2057.242237       0.5303
BFGSLineSearch:  16[ 39]  04:51:25    -2057.246076       0.1905
BFGSLineSearch:  17[ 41]  06:06:44    -2057.253510       0.6455
BFGSLineSearch:  18[ 44]  08:57:36    -2057.269818       0.3724
BFGSLineSearch:  19[ 45]  09:44:37    -2057.282886       0.3749
BFGSLineSearch:  20[ 47]  11:38:21    -2057.291356       0.7171
BFGSLineSearch:  21[ 55]  15:52:05    -2057.300040       0.9391
BFGSLineSearch:  22[ 58]  18:27:07    -2057.320463       0.6211
BFGSLineSearch:  23[ 61]  20:47:00    -2057.344914       0.8527
BFGSLineSearch:  24[ 62]  21:59:53    -2057.362841       0.4261
BFGSLineSearch:  25[ 65]  00:39:47    -2057.380249       0.6005
BFGSLineSearch:  26[ 68]  02:58:59    -2057.383543       0.6042
BFGSLineSearch:  27[ 73]  06:17:00    -2057.388107       0.8130
BFGSLineSearch:  28[ 75]  07:55:39    -2057.422973       1.1611
BFGSLineSearch:  29[ 77]  09:27:33    -2057.428594       0.7079
BFGSLineSearch:  30[ 78]  10:07:25    -2057.444223       1.2382
BFGSLineSearch:  31[ 81]  12:09:29    -2057.477260       0.4652
BFGSLineSearch:  32[ 84]  14:37:57    -2057.487741       0.3986
BFGSLineSearch:  33[ 87]  16:51:53    -2057.501311       0.4304
BFGSLineSearch:  34[ 89]  18:08:48    -2057.503427       0.3078
BFGSLineSearch:  35[ 95]  21:43:25    -2057.500105       0.3012
BFGSLineSearch:  36[ 96]  22:45:43    -2057.505590       0.3672
BFGSLineSearch:  37[ 98]  00:32:19    -2057.512800       0.3809
BFGSLineSearch:  38[102]  04:23:52    -2057.514871       0.1052
BFGSLineSearch:  39[107]  07:32:19    -2057.510017       0.1412
BFGSLineSearch:  40[108]  08:09:13    -2057.510317       0.0858
BFGSLineSearch:  41[111]  10:18:00    -2057.516655       0.2500
BFGSLineSearch:  42[116]  13:26:16    -2057.512795       0.2680
BFGSLineSearch:  43[117]  14:10:30    -2057.514911       0.1619
