BFGSLineSearch:   0[  0]  18:33:01    -2054.483092       5.6701
BFGSLineSearch:   1[  3]  22:31:32    -2056.530804       9.6445
BFGSLineSearch:   2[  5]  00:51:47    -2056.772162       5.9825
BFGSLineSearch:   3[  7]  03:42:53    -2057.182163       0.8097
BFGSLineSearch:   4[  8]  04:41:55    -2057.193115       0.2646
BFGSLineSearch:   5[ 11]  07:02:06    -2057.201061       0.5749
BFGSLineSearch:   6[ 13]  08:44:24    -2057.229075       1.2765
BFGSLineSearch:   7[ 16]  11:38:24    -2057.272941       1.1562
BFGSLineSearch:   8[ 17]  12:47:24    -2057.318137       0.9772
BFGSLineSearch:   9[ 19]  15:13:08    -2057.369230       1.0824
BFGSLineSearch:  10[ 21]  17:01:20    -2057.398025       1.0658
BFGSLineSearch:  11[ 22]  17:51:19    -2057.426950       0.2867
BFGSLineSearch:  12[ 25]  20:04:32    -2057.430621       0.2236
BFGSLineSearch:  13[ 33]  01:29:07    -2057.430130       0.2038
BFGSLineSearch:  14[ 40]  06:14:14    -2057.431996       0.2681
BFGSLineSearch:  15[ 42]  07:35:39    -2057.433734       0.1967
BFGSLineSearch:  16[ 44]  09:58:35    -2057.439642       0.4939
BFGSLineSearch:  17[ 50]  13:19:53    -2057.437833       0.4924
BFGSLineSearch:  18[ 51]  14:05:19    -2057.443545       0.1867
BFGSLineSearch:  19[ 52]  15:10:47    -2057.446703       0.0887
BFGSLineSearch:  20[ 56]  18:50:27    -2057.451363       0.2610
BFGSLineSearch:  21[ 60]  22:10:24    -2057.452325       0.3313
BFGSLineSearch:  22[ 65]  02:02:42    -2057.453909       0.3372
BFGSLineSearch:  23[ 67]  03:42:03    -2057.454781       0.2009
BFGSLineSearch:  24[ 72]  06:57:34    -2057.452385       0.2003
BFGSLineSearch:  25[ 74]  09:11:36    -2057.453981       0.1224
BFGSLineSearch:  26[ 77]  11:21:32    -2057.456409       0.4901
BFGSLineSearch:  27[ 79]  12:54:23    -2057.461469       0.2032
BFGSLineSearch:  28[ 83]  16:27:09    -2057.466404       0.2049
BFGSLineSearch:  29[ 85]  18:25:54    -2057.482480       0.5726
BFGSLineSearch:  30[ 87]  20:13:03    -2057.491614       0.5872
BFGSLineSearch:  31[ 89]  22:00:57    -2057.496207       0.1521
BFGSLineSearch:  32[ 93]  01:27:42    -2057.498783       0.1763
BFGSLineSearch:  33[ 94]  02:23:51    -2057.502427       0.1755
BFGSLineSearch:  34[ 96]  04:04:42    -2057.508009       0.4674
BFGSLineSearch:  35[ 99]  09:17:16    -2057.510337       0.4694
BFGSLineSearch:  36[105]  12:49:13    -2057.508939       0.4262
BFGSLineSearch:  37[107]  14:31:26    -2057.513682       0.1354
