BFGSLineSearch:   0[  0]  15:14:01    -2056.466086       3.5123
BFGSLineSearch:   1[  2]  18:05:17    -2056.596844       1.0917
BFGSLineSearch:   2[  5]  21:10:08    -2056.910623       2.6614
BFGSLineSearch:   3[  7]  23:17:46    -2057.016162       1.5848
BFGSLineSearch:   4[  8]  00:22:13    -2057.209308       0.7362
BFGSLineSearch:   5[  9]  01:09:22    -2057.264686       0.3774
BFGSLineSearch:   6[ 11]  02:49:24    -2057.280554       0.6859
BFGSLineSearch:   7[ 12]  03:37:12    -2057.296943       0.4830
BFGSLineSearch:   8[ 15]  06:12:36    -2057.302736       0.2436
BFGSLineSearch:   9[ 22]  09:29:27    -2057.302627       0.2273
BFGSLineSearch:  10[ 30]  13:42:05    -2057.305979       0.1763
BFGSLineSearch:  11[ 31]  14:20:42    -2057.308748       0.2566
BFGSLineSearch:  12[ 33]  16:27:53    -2057.316840       0.4499
BFGSLineSearch:  13[ 34]  17:19:18    -2057.320655       0.1224
BFGSLineSearch:  14[ 39]  21:41:36    -2057.331290       0.5176
BFGSLineSearch:  15[ 41]  00:07:30    -2057.332405       0.5636
BFGSLineSearch:  16[ 42]  00:59:46    -2057.346092       0.3062
BFGSLineSearch:  17[ 45]  04:01:16    -2057.364317       0.5729
BFGSLineSearch:  18[ 46]  04:49:39    -2057.372887       0.2913
BFGSLineSearch:  19[ 51]  08:01:20    -2057.371557       0.2954
BFGSLineSearch:  20[ 58]  13:37:14    -2057.372271       0.1338
BFGSLineSearch:  21[ 64]  17:02:04    -2057.374705       0.1478
BFGSLineSearch:  22[ 73]  22:20:34    -2057.374409       0.2765
BFGSLineSearch:  23[ 74]  22:50:30    -2057.376558       0.1761
BFGSLineSearch:  24[ 76]  00:24:59    -2057.377746       0.1506
BFGSLineSearch:  25[ 82]  04:48:45    -2057.377668       0.0731
BFGSLineSearch:  26[ 88]  07:55:35    -2057.378370       0.0712
BFGSLineSearch:  27[ 92]  10:22:19    -2057.376319       0.0663
BFGSLineSearch:  28[ 98]  13:37:12    -2057.373918       0.0796
BFGSLineSearch:  29[100]  15:55:24    -2057.377857       0.0988
