BFGSLineSearch:   0[  0]  09:34:51    -2051.536982       5.6381
BFGSLineSearch:   1[  1]  10:56:34    -2053.304224       6.2991
BFGSLineSearch:   2[  2]  12:28:20    -2054.872180       3.4593
BFGSLineSearch:   3[  5]  15:39:27    -2056.559230       4.6168
BFGSLineSearch:   4[  7]  17:42:39    -2056.898891       6.1153
BFGSLineSearch:   5[  9]  19:51:54    -2057.177456       2.0955
BFGSLineSearch:   6[ 10]  20:51:55    -2057.236478       0.2204
BFGSLineSearch:   7[ 12]  22:26:18    -2057.250078       0.6433
BFGSLineSearch:   8[ 14]  00:08:41    -2057.260755       0.3351
BFGSLineSearch:   9[ 15]  00:52:33    -2057.283180       0.9924
BFGSLineSearch:  10[ 16]  01:39:23    -2057.291660       0.4420
BFGSLineSearch:  11[ 17]  02:34:31    -2057.306059       0.8582
BFGSLineSearch:  12[ 20]  04:54:01    -2057.349994       0.5895
BFGSLineSearch:  13[ 22]  06:56:41    -2057.354670       0.6169
BFGSLineSearch:  14[ 23]  07:45:37    -2057.370679       0.4350
BFGSLineSearch:  15[ 25]  09:00:37    -2057.377742       0.3397
BFGSLineSearch:  16[ 28]  11:29:45    -2057.385654       0.5064
BFGSLineSearch:  17[ 30]  12:55:45    -2057.397923       0.5302
BFGSLineSearch:  18[ 31]  13:43:56    -2057.404092       0.7546
BFGSLineSearch:  19[ 32]  14:41:16    -2057.430085       0.5621
BFGSLineSearch:  20[ 34]  16:39:59    -2057.436214       0.7369
BFGSLineSearch:  21[ 36]  18:34:10    -2057.448325       0.5703
BFGSLineSearch:  22[ 39]  20:51:03    -2057.453592       0.1088
BFGSLineSearch:  23[ 40]  21:29:18    -2057.463692       0.4998
BFGSLineSearch:  24[ 45]  00:25:32    -2057.455029       0.4055
BFGSLineSearch:  25[ 46]  01:09:26    -2057.458994       0.2126
BFGSLineSearch:  26[ 48]  02:19:08    -2057.463644       0.3459
BFGSLineSearch:  27[ 51]  04:32:38    -2057.469867       0.6092
BFGSLineSearch:  28[ 52]  05:10:29    -2057.487183       0.3720
BFGSLineSearch:  29[ 58]  08:18:50    -2057.485946       0.0964
BFGSLineSearch:  30[ 60]  09:48:44    -2057.497957       0.5235
BFGSLineSearch:  31[ 65]  12:49:56    -2057.489976       0.3795
BFGSLineSearch:  32[ 68]  14:56:29    -2057.497234       0.5021
BFGSLineSearch:  33[ 73]  17:27:17    -2057.491973       0.4905
BFGSLineSearch:  34[ 75]  19:50:39    -2057.496681       0.2155
BFGSLineSearch:  35[ 77]  21:14:24    -2057.504846       0.7591
BFGSLineSearch:  36[ 82]  01:08:31    -2057.500444       0.7771
BFGSLineSearch:  37[ 84]  03:17:44    -2057.504482       0.0845
BFGSLineSearch:  38[ 87]  05:59:14    -2057.508641       0.1688
BFGSLineSearch:  39[ 91]  08:24:11    -2057.508055       0.1695
BFGSLineSearch:  40[ 98]  11:41:11    -2057.506279       0.1698
BFGSLineSearch:  41[ 99]  12:24:05    -2057.506804       0.1967
BFGSLineSearch:  42[101]  13:24:34    -2057.508556       0.2592
BFGSLineSearch:  43[103]  15:16:30    -2057.509354       0.1932
