BFGSLineSearch:   0[  0]  06:00:52    -2053.666624       4.9858
BFGSLineSearch:   1[  2]  08:06:06    -2054.805100       2.6614
BFGSLineSearch:   2[  3]  08:59:27    -2055.259115       2.9878
BFGSLineSearch:   3[  5]  11:22:19    -2055.386996       1.3583
BFGSLineSearch:   4[  6]  12:31:27    -2055.468547       0.8806
BFGSLineSearch:   5[ 10]  16:03:42    -2055.708413       1.1521
BFGSLineSearch:   6[ 12]  18:19:28    -2055.763129       1.3401
BFGSLineSearch:   7[ 13]  19:30:05    -2056.021581       1.3985
BFGSLineSearch:   8[ 16]  22:23:17    -2056.542167       2.0208
BFGSLineSearch:   9[ 18]  00:14:22    -2056.587087       1.9854
BFGSLineSearch:  10[ 19]  00:58:24    -2056.807465       1.7354
BFGSLineSearch:  11[ 20]  01:50:59    -2057.144423       1.6246
BFGSLineSearch:  12[ 21]  02:43:22    -2057.292234       1.1672
BFGSLineSearch:  13[ 22]  03:35:37    -2057.379051       0.6670
BFGSLineSearch:  14[ 23]  04:21:59    -2057.419178       0.3367
BFGSLineSearch:  15[ 24]  05:08:36    -2057.424766       0.2652
BFGSLineSearch:  16[ 27]  07:50:21    -2057.431552       0.3971
BFGSLineSearch:  17[ 29]  09:16:26    -2057.436986       0.1705
BFGSLineSearch:  18[ 33]  12:08:29    -2057.437927       0.0694
BFGSLineSearch:  19[ 42]  15:24:05    -2057.436805       0.0792
BFGSLineSearch:  20[ 44]  17:32:27    -2057.438520       0.1060
BFGSLineSearch:  21[ 50]  20:16:07    -2057.436659       0.1078
BFGSLineSearch:  22[ 59]  23:31:37    -2057.435229       0.1024
BFGSLineSearch:  23[ 63]  02:29:48    -2057.442573       0.0965
BFGSLineSearch:  24[ 67]  04:31:40    -2057.436209       0.1028
BFGSLineSearch:  25[ 68]  05:09:18    -2057.440404       0.1989
BFGSLineSearch:  26[ 73]  07:33:13    -2057.437332       0.1999
BFGSLineSearch:  27[ 80]  10:59:37    -2057.438736       0.1409
BFGSLineSearch:  28[ 81]  11:28:31    -2057.440270       0.1759
BFGSLineSearch:  29[ 86]  14:09:58    -2057.444193       0.1736
BFGSLineSearch:  30[ 90]  16:04:40    -2057.441805       0.1950
BFGSLineSearch:  31[ 96]  20:30:45    -2057.440994       0.1942
BFGSLineSearch:  32[100]  22:29:53    -2057.439400       0.1978
BFGSLineSearch:  33[105]  01:02:50    -2057.440795       0.1778
BFGSLineSearch:  34[111]  03:48:18    -2057.440596       0.1808
BFGSLineSearch:  35[113]  04:53:48    -2057.441876       0.1149
BFGSLineSearch:  36[116]  06:18:36    -2057.438807       0.1046
BFGSLineSearch:  37[117]  06:43:31    -2057.439199       0.1035
BFGSLineSearch:  38[118]  07:11:43    -2057.442771       0.1427
BFGSLineSearch:  39[124]  09:29:00    -2057.438229       0.1229
BFGSLineSearch:  40[129]  11:28:29    -2057.439771       0.1203
BFGSLineSearch:  41[130]  11:57:29    -2057.441772       0.1163
BFGSLineSearch:  42[133]  13:25:54    -2057.438776       0.1091
