BFGSLineSearch:   0[  0]  03:51:44    -2056.439628       6.0453
BFGSLineSearch:   1[  3]  06:46:54    -2057.382196       2.6635
BFGSLineSearch:   2[  5]  09:17:51    -2057.438519       1.8628
BFGSLineSearch:   3[  7]  11:22:28    -2057.504076       0.5484
BFGSLineSearch:   4[  8]  12:07:31    -2057.508317       0.1608
BFGSLineSearch:   5[ 10]  13:52:14    -2057.511988       0.3885
BFGSLineSearch:   6[ 12]  15:07:24    -2057.518429       0.1260
BFGSLineSearch:   7[ 15]  16:55:46    -2057.520604       0.2335
BFGSLineSearch:   8[ 17]  18:12:57    -2057.522155       0.1941
BFGSLineSearch:   9[ 22]  20:34:32    -2057.517682       0.1702
BFGSLineSearch:  10[ 23]  20:54:58    -2057.522420       0.2542
BFGSLineSearch:  11[ 24]  21:41:55    -2057.522959       0.1448
BFGSLineSearch:  12[ 29]  00:11:14    -2057.521812       0.1457
BFGSLineSearch:  13[ 30]  00:43:54    -2057.523488       0.1552
BFGSLineSearch:  14[ 34]  03:13:05    -2057.523090       0.0925
BFGSLineSearch:  15[ 40]  05:47:00    -2057.523192       0.1069
BFGSLineSearch:  16[ 47]  09:24:25    -2057.520735       0.1117
BFGSLineSearch:  17[ 53]  12:07:01    -2057.521884       0.2711
BFGSLineSearch:  18[ 58]  14:50:46    -2057.523248       0.2567
BFGSLineSearch:  19[ 64]  17:53:51    -2057.521733       0.2554
BFGSLineSearch:  20[ 71]  20:48:57    -2057.520273       0.2565
BFGSLineSearch:  21[ 73]  22:01:18    -2057.527593       0.1721
BFGSLineSearch:  22[ 77]  00:24:38    -2057.520458       0.1634
BFGSLineSearch:  23[ 83]  03:45:36    -2057.520436       0.1594
BFGSLineSearch:  24[ 84]  04:08:59    -2057.522458       0.2019
BFGSLineSearch:  25[ 90]  06:23:09    -2057.520769       0.1621
BFGSLineSearch:  26[ 92]  07:43:45    -2057.522267       0.2200
BFGSLineSearch:  27[ 97]  09:27:19    -2057.521757       0.2269
BFGSLineSearch:  28[100]  10:50:32    -2057.523715       0.2935
BFGSLineSearch:  29[104]  12:39:49    -2057.520952       0.2325
BFGSLineSearch:  30[111]  16:38:12    -2057.520112       0.2256
BFGSLineSearch:  31[112]  17:12:02    -2057.522807       0.1357
BFGSLineSearch:  32[117]  19:21:54    -2057.523793       0.1464
BFGSLineSearch:  33[123]  22:02:17    -2057.523442       0.1498
BFGSLineSearch:  34[129]  01:07:03    -2057.522394       0.1112
BFGSLineSearch:  35[133]  03:08:58    -2057.525253       0.0766
BFGSLineSearch:  36[137]  05:01:42    -2057.523151       0.0784
BFGSLineSearch:  37[143]  07:56:45    -2057.524385       0.0583
BFGSLineSearch:  38[150]  11:19:49    -2057.524501       0.1068
BFGSLineSearch:  39[151]  11:54:41    -2057.525237       0.0470
