BFGSLineSearch:   0[  0]  12:50:14    -2053.891348       6.2810
BFGSLineSearch:   1[  2]  15:03:19    -2054.329104       3.9932
BFGSLineSearch:   2[  6]  19:37:47    -2057.148256       2.3634
BFGSLineSearch:   3[  8]  21:35:38    -2057.239758       1.7754
BFGSLineSearch:   4[ 10]  23:15:20    -2057.256270       1.3441
BFGSLineSearch:   5[ 12]  00:48:53    -2057.278487       0.3398
BFGSLineSearch:   6[ 14]  02:22:27    -2057.312172       0.9860
BFGSLineSearch:   7[ 17]  05:14:19    -2057.350854       0.7168
BFGSLineSearch:   8[ 19]  06:47:51    -2057.352824       0.7013
BFGSLineSearch:   9[ 21]  08:15:16    -2057.360889       0.4702
BFGSLineSearch:  10[ 23]  09:54:37    -2057.368442       0.6696
BFGSLineSearch:  11[ 26]  12:35:13    -2057.378557       0.3696
BFGSLineSearch:  12[ 29]  14:54:17    -2057.386252       0.6623
BFGSLineSearch:  13[ 30]  15:39:31    -2057.396600       1.0750
BFGSLineSearch:  14[ 32]  17:43:39    -2057.410862       0.2438
BFGSLineSearch:  15[ 33]  18:29:04    -2057.415174       0.3258
BFGSLineSearch:  16[ 39]  21:21:33    -2057.415320       0.2277
BFGSLineSearch:  17[ 40]  21:57:51    -2057.417182       0.1495
BFGSLineSearch:  18[ 42]  23:09:43    -2057.419310       0.1956
BFGSLineSearch:  19[ 44]  00:35:45    -2057.424845       0.7077
BFGSLineSearch:  20[ 45]  01:23:05    -2057.431967       0.5050
BFGSLineSearch:  21[ 50]  04:21:42    -2057.436656       0.5633
BFGSLineSearch:  22[ 56]  07:51:10    -2057.433106       0.5625
BFGSLineSearch:  23[ 57]  08:33:23    -2057.438811       0.2071
BFGSLineSearch:  24[ 59]  10:02:43    -2057.455605       0.5816
BFGSLineSearch:  25[ 60]  10:48:42    -2057.461347       0.8282
BFGSLineSearch:  26[ 61]  11:34:50    -2057.484424       0.3308
BFGSLineSearch:  27[ 64]  14:13:39    -2057.492971       0.4710
BFGSLineSearch:  28[ 65]  14:59:40    -2057.499709       0.7719
BFGSLineSearch:  29[ 67]  16:16:32    -2057.502744       0.4312
BFGSLineSearch:  30[ 68]  16:51:01    -2057.505622       0.3605
BFGSLineSearch:  31[ 69]  17:28:29    -2057.510980       0.4064
BFGSLineSearch:  32[ 70]  18:01:55    -2057.511920       0.1245
BFGSLineSearch:  33[ 76]  20:59:38    -2057.511197       0.1351
BFGSLineSearch:  34[ 77]  21:36:23    -2057.512850       0.1033
BFGSLineSearch:  35[ 79]  22:50:03    -2057.521241       0.3679
BFGSLineSearch:  36[ 84]  01:30:57    -2057.512302       0.3560
BFGSLineSearch:  37[ 85]  02:15:55    -2057.516710       0.2378
BFGSLineSearch:  38[ 90]  04:37:16    -2057.518322       0.2178
BFGSLineSearch:  39[100]  08:35:31    -2057.518468       0.1787
BFGSLineSearch:  40[107]  12:06:41    -2057.516385       0.1802
BFGSLineSearch:  41[109]  14:39:50    -2057.521661       0.0720
